<?xml version="1.0" encoding="UTF-8"?>
<!-- Generated by org.testng.reporters.JUnitReportReporter -->
<testsuite skipped="0" hostname="saif" name="seleniumpractice.TestNgDemo" tests="3" failures="0" timestamp="03 Nov 2022 02:53:56 GMT" time="0.013" errors="0">
  <testcase name="closeMyBrowser" time="0.001" classname="seleniumpractice.TestNgDemo"/>
  <testcase name="closeMyBrowserP2" time="0.012" classname="seleniumpractice.TestNgDemo"/>
  <testcase name="launchBrowserTest" time="0.000" classname="seleniumpractice.TestNgDemo"/>
</testsuite> <!-- seleniumpractice.TestNgDemo -->
